<?xml version="1.0" encoding="UTF-8"?>
<!-- Generated by org.testng.reporters.JUnitReportReporter -->
<testsuite hostname="Sal-Lonovo" failures="0" tests="1" name="runner.TestNGTestRunner" time="0.777" errors="0" timestamp="2021-10-11T14:04:27 EDT" skipped="0">
  <testcase classname="runner.TestNGTestRunner" name="runScenario" time="0.777"/>
  <system-out/>
</testsuite> <!-- runner.TestNGTestRunner -->
